<story path="stories/candidate/ApplyAndRegister.story" title="Lookup a definition">
<narrative keyword="Narrative:">
  <inOrderTo keyword="In order to">talk better</inOrderTo>
  <asA keyword="As a">n English student</asA>
  <iWantTo keyword="I want to">look up word definitions</iWantTo>
</narrative>
<scenario keyword="Scenario:" title="Apply for a vacancy and register">
<step outcome="successful">Given a candidate visits the site for the first time</step>
<step outcome="failed" keyword="FAILED">When a candidate applies for a job<failure>net.serenitybdd.core.exceptions.SerenityManagedException: no such element: Unable to locate element: {&quot;method&quot;:&quot;id&quot;,&quot;selector&quot;:&quot;JobToolsTop_AOLOptions_lnkApplyOnline&quot;}
  (Session info: chrome=61.0.3163.100)
  (Driver info: chromedriver=2.32.498550 (9dec58e66c31bcc53a9ce3c7226f0c1c5810906a),platform=Windows NT 10.0.14393 x86_64) (WARNING: The server did not provide any stacktrace information)
Command duration or timeout: 2.09 seconds
For documentation on this error, please visit: http://seleniumhq.org/exceptions/no_such_element.html
Build info: version: &apos;3.4.0&apos;, revision: &apos;unknown&apos;, time: &apos;unknown&apos;
System info: host: &apos;UK-HAV-LDN2DPF2&apos;, ip: &apos;192.168.56.1&apos;, os.name: &apos;Windows 10&apos;, os.arch: &apos;amd64&apos;, os.version: &apos;10.0&apos;, java.version: &apos;1.8.0_121&apos;
Driver info: org.openqa.selenium.remote.RemoteWebDriver
Capabilities [{applicationCacheEnabled=false, rotatable=false, mobileEmulationEnabled=false, networkConnectionEnabled=false, chrome={chromedriverVersion=2.32.498550 (9dec58e66c31bcc53a9ce3c7226f0c1c5810906a), userDataDir=C:\Users\fryerg01\AppData\Local\Temp\scoped_dir10496_11363}, takesHeapSnapshot=true, pageLoadStrategy=normal, databaseEnabled=false, handlesAlerts=true, hasTouchScreen=false, version=61.0.3163.100, platform=XP, browserConnectionEnabled=false, nativeEvents=true, acceptSslCerts=true, locationContextEnabled=true, webStorageEnabled=true, browserName=chrome, takesScreenshot=true, javascriptEnabled=true, cssSelectorsEnabled=true, setWindowRect=true, unexpectedAlertBehaviour=}]
Session ID: e75c0123534b80e37fa8dc8c68e0319a
*** Element info: {Using=id, value=JobToolsTop_AOLOptions_lnkApplyOnline}</failure></step>
<step outcome="pending" keyword="PENDING">Then the candidate should be registered with a complete application</step>
<pendingMethod>@Then(&quot;the candidate should be registered with a complete application&quot;)
@Pending
public void thenTheCandidateShouldBeRegisteredWithACompleteApplication() {
  // PENDING
}
</pendingMethod>
<failure>net.serenitybdd.core.exceptions.SerenityManagedException: no such element: Unable to locate element: {&quot;method&quot;:&quot;id&quot;,&quot;selector&quot;:&quot;JobToolsTop_AOLOptions_lnkApplyOnline&quot;}
  (Session info: chrome=61.0.3163.100)
  (Driver info: chromedriver=2.32.498550 (9dec58e66c31bcc53a9ce3c7226f0c1c5810906a),platform=Windows NT 10.0.14393 x86_64) (WARNING: The server did not provide any stacktrace information)
Command duration or timeout: 2.09 seconds
For documentation on this error, please visit: http://seleniumhq.org/exceptions/no_such_element.html
Build info: version: &apos;3.4.0&apos;, revision: &apos;unknown&apos;, time: &apos;unknown&apos;
System info: host: &apos;UK-HAV-LDN2DPF2&apos;, ip: &apos;192.168.56.1&apos;, os.name: &apos;Windows 10&apos;, os.arch: &apos;amd64&apos;, os.version: &apos;10.0&apos;, java.version: &apos;1.8.0_121&apos;
Driver info: org.openqa.selenium.remote.RemoteWebDriver
Capabilities [{applicationCacheEnabled=false, rotatable=false, mobileEmulationEnabled=false, networkConnectionEnabled=false, chrome={chromedriverVersion=2.32.498550 (9dec58e66c31bcc53a9ce3c7226f0c1c5810906a), userDataDir=C:\Users\fryerg01\AppData\Local\Temp\scoped_dir10496_11363}, takesHeapSnapshot=true, pageLoadStrategy=normal, databaseEnabled=false, handlesAlerts=true, hasTouchScreen=false, version=61.0.3163.100, platform=XP, browserConnectionEnabled=false, nativeEvents=true, acceptSslCerts=true, locationContextEnabled=true, webStorageEnabled=true, browserName=chrome, takesScreenshot=true, javascriptEnabled=true, cssSelectorsEnabled=true, setWindowRect=true, unexpectedAlertBehaviour=}]
Session ID: e75c0123534b80e37fa8dc8c68e0319a
*** Element info: {Using=id, value=JobToolsTop_AOLOptions_lnkApplyOnline}
	at net.serenitybdd.core.exceptions.SerenityManagedException.detachedCopyOf(SerenityManagedException.java:20)
	at net.thucydides.core.steps.StepInterceptor.runTestStep(StepInterceptor.java:364)
	at net.thucydides.core.steps.StepInterceptor.testStepResult(StepInterceptor.java:132)
	at net.thucydides.core.steps.StepInterceptor.intercept(StepInterceptor.java:61)
	at Georgia_CWJobs.steps.candidate.SearchSteps$$EnhancerByCGLIB$$f86a94b2.searchJob(&lt;generated&gt;)
	at Georgia_CWJobs.definitions.ActionDefinitions.searchJob(ActionDefinitions.java:23)
	(reflection-invoke)
	at org.jbehave.core.steps.StepCreator$ParametrisedStep.perform(StepCreator.java:733)
	at org.jbehave.core.embedder.PerformableTree$FineSoFar.run(PerformableTree.java:346)
...</failure>
</scenario>
</story>
