<div class="story">
<h1>Lookup a definition</h1>
<div class="path">stories/candidate/ApplyAndRegister.story</div>
<div class="narrative"><h2>Narrative:</h2>
<div class="element inOrderTo"><span class="keyword inOrderTo">In order to</span> talk better</div>
<div class="element asA"><span class="keyword asA">As a</span> n English student</div>
<div class="element iWantTo"><span class="keyword iWantTo">I want to</span> look up word definitions</div>
</div>
<div class="scenario">
<h2>Scenario: Apply for a vacancy and register</h2>
<div class="step successful">Given a candidate visits the site for the first time</div>
<div class="step failed">When a candidate applies for a job <span class="keyword failed">(FAILED)</span><br/><span class="message failed">net.serenitybdd.core.exceptions.SerenityManagedException: invalid element state
  (Session info: chrome=61.0.3163.100)
  (Driver info: chromedriver=2.32.498550 (9dec58e66c31bcc53a9ce3c7226f0c1c5810906a),platform=Windows NT 10.0.14393 x86_64) (WARNING: The server did not provide any stacktrace information)
Command duration or timeout: 30 milliseconds
Build info: version: '3.4.0', revision: 'unknown', time: 'unknown'
System info: host: 'UK-HAV-LDN2DPF2', ip: '192.168.56.1', os.name: 'Windows 10', os.arch: 'amd64', os.version: '10.0', java.version: '1.8.0_121'
Driver info: org.openqa.selenium.remote.RemoteWebDriver
Capabilities [{applicationCacheEnabled=false, rotatable=false, mobileEmulationEnabled=false, networkConnectionEnabled=false, chrome={chromedriverVersion=2.32.498550 (9dec58e66c31bcc53a9ce3c7226f0c1c5810906a), userDataDir=C:\Users\fryerg01\AppData\Local\Temp\scoped_dir8744_1507}, takesHeapSnapshot=true, pageLoadStrategy=normal, databaseEnabled=false, handlesAlerts=true, hasTouchScreen=false, version=61.0.3163.100, platform=XP, browserConnectionEnabled=false, nativeEvents=true, acceptSslCerts=true, locationContextEnabled=true, webStorageEnabled=true, browserName=chrome, takesScreenshot=true, javascriptEnabled=true, cssSelectorsEnabled=true, setWindowRect=true, unexpectedAlertBehaviour=}]
Session ID: 70a4dc872b46d28749b2fb0f29631a0d</span></div>
<div class="step pending">Then the candidate should be registered with a complete application <span class="keyword pending">(PENDING)</span></div>
<div><pre class="pending">@Then(&quot;the candidate should be registered with a complete application&quot;)
@Pending
public void thenTheCandidateShouldBeRegisteredWithACompleteApplication() {
  // PENDING
}
</pre></div>
<pre class="failure">net.serenitybdd.core.exceptions.SerenityManagedException: invalid element state
  (Session info: chrome=61.0.3163.100)
  (Driver info: chromedriver=2.32.498550 (9dec58e66c31bcc53a9ce3c7226f0c1c5810906a),platform=Windows NT 10.0.14393 x86_64) (WARNING: The server did not provide any stacktrace information)
Command duration or timeout: 30 milliseconds
Build info: version: '3.4.0', revision: 'unknown', time: 'unknown'
System info: host: 'UK-HAV-LDN2DPF2', ip: '192.168.56.1', os.name: 'Windows 10', os.arch: 'amd64', os.version: '10.0', java.version: '1.8.0_121'
Driver info: org.openqa.selenium.remote.RemoteWebDriver
Capabilities [{applicationCacheEnabled=false, rotatable=false, mobileEmulationEnabled=false, networkConnectionEnabled=false, chrome={chromedriverVersion=2.32.498550 (9dec58e66c31bcc53a9ce3c7226f0c1c5810906a), userDataDir=C:\Users\fryerg01\AppData\Local\Temp\scoped_dir8744_1507}, takesHeapSnapshot=true, pageLoadStrategy=normal, databaseEnabled=false, handlesAlerts=true, hasTouchScreen=false, version=61.0.3163.100, platform=XP, browserConnectionEnabled=false, nativeEvents=true, acceptSslCerts=true, locationContextEnabled=true, webStorageEnabled=true, browserName=chrome, takesScreenshot=true, javascriptEnabled=true, cssSelectorsEnabled=true, setWindowRect=true, unexpectedAlertBehaviour=}]
Session ID: 70a4dc872b46d28749b2fb0f29631a0d
	at net.serenitybdd.core.exceptions.SerenityManagedException.detachedCopyOf(SerenityManagedException.java:20)
	at net.thucydides.core.steps.StepInterceptor.runTestStep(StepInterceptor.java:364)
	at net.thucydides.core.steps.StepInterceptor.testStepResult(StepInterceptor.java:132)
	at net.thucydides.core.steps.StepInterceptor.intercept(StepInterceptor.java:61)
	at Georgia_CWJobs.steps.candidate.ApplicationSteps$$EnhancerByCGLIB$$8a838468.applyAndRegister(&lt;generated&gt;)
	at Georgia_CWJobs.definitions.ActionDefinitions.searchJob(ActionDefinitions.java:24)
	(reflection-invoke)
	at org.jbehave.core.steps.StepCreator$ParametrisedStep.perform(StepCreator.java:733)
	at org.jbehave.core.embedder.PerformableTree$FineSoFar.run(PerformableTree.java:346)
...</pre>
</div>
</div>
