<html>
<head>
<title>stories.candidate.ApplyAndRegister</title>
<style type="text/css" media="all">
@import url( "./style/jbehave-core.css" );
</style>
</head>
<body>
<div class="story">
<h1>Lookup a definition</h1>
<div class="path">stories/candidate/ApplyAndRegister.story</div>
<div class="narrative"><h2>Narrative:</h2>
<div class="element inOrderTo"><span class="keyword inOrderTo">In order to</span> talk better</div>
<div class="element asA"><span class="keyword asA">As a</span> n English student</div>
<div class="element iWantTo"><span class="keyword iWantTo">I want to</span> look up word definitions</div>
</div>
<div class="scenario">
<h2>Scenario: Apply for a vacancy and register</h2>
<div class="step successful">Given a candidate visits the site for the first time</div>
<div class="step failed">When a candidate applies for a job <span class="keyword failed">(FAILED)</span><br/><span class="message failed">net.serenitybdd.core.exceptions.SerenityManagedException: invalid element state
  (Session info: chrome=62.0.3202.89)
  (Driver info: chromedriver=2.33.506120 (e3e53437346286c0bc2d2dc9aa4915ba81d9023f),platform=Windows NT 10.0.14393 x86_64) (WARNING: The server did not provide any stacktrace information)
Command duration or timeout: 759 milliseconds
Build info: version: '3.4.0', revision: 'unknown', time: 'unknown'
System info: host: 'UK-HAV-LDN2DPF2', ip: '192.168.56.1', os.name: 'Windows 10', os.arch: 'amd64', os.version: '10.0', java.version: '1.8.0_121'
Driver info: org.openqa.selenium.remote.RemoteWebDriver
Capabilities [{applicationCacheEnabled=false, rotatable=false, mobileEmulationEnabled=false, networkConnectionEnabled=false, chrome={chromedriverVersion=2.33.506120 (e3e53437346286c0bc2d2dc9aa4915ba81d9023f), userDataDir=C:\Users\fryerg01\AppData\Local\Temp\scoped_dir5772_22954}, takesHeapSnapshot=true, pageLoadStrategy=normal, databaseEnabled=false, handlesAlerts=true, hasTouchScreen=false, version=62.0.3202.89, platform=XP, browserConnectionEnabled=false, nativeEvents=true, acceptSslCerts=true, locationContextEnabled=true, webStorageEnabled=true, browserName=chrome, takesScreenshot=true, javascriptEnabled=true, cssSelectorsEnabled=true, setWindowRect=true, unexpectedAlertBehaviour=}]
Session ID: 95a3a18f47faf2e3d6986c7a68d1def7</span></div>
<div class="step notPerformed">Then the candidate should be registered with a complete application <span class="keyword notPerformed">(NOT PERFORMED)</span></div>
<pre class="failure">net.serenitybdd.core.exceptions.SerenityManagedException: invalid element state
  (Session info: chrome=62.0.3202.89)
  (Driver info: chromedriver=2.33.506120 (e3e53437346286c0bc2d2dc9aa4915ba81d9023f),platform=Windows NT 10.0.14393 x86_64) (WARNING: The server did not provide any stacktrace information)
Command duration or timeout: 759 milliseconds
Build info: version: '3.4.0', revision: 'unknown', time: 'unknown'
System info: host: 'UK-HAV-LDN2DPF2', ip: '192.168.56.1', os.name: 'Windows 10', os.arch: 'amd64', os.version: '10.0', java.version: '1.8.0_121'
Driver info: org.openqa.selenium.remote.RemoteWebDriver
Capabilities [{applicationCacheEnabled=false, rotatable=false, mobileEmulationEnabled=false, networkConnectionEnabled=false, chrome={chromedriverVersion=2.33.506120 (e3e53437346286c0bc2d2dc9aa4915ba81d9023f), userDataDir=C:\Users\fryerg01\AppData\Local\Temp\scoped_dir5772_22954}, takesHeapSnapshot=true, pageLoadStrategy=normal, databaseEnabled=false, handlesAlerts=true, hasTouchScreen=false, version=62.0.3202.89, platform=XP, browserConnectionEnabled=false, nativeEvents=true, acceptSslCerts=true, locationContextEnabled=true, webStorageEnabled=true, browserName=chrome, takesScreenshot=true, javascriptEnabled=true, cssSelectorsEnabled=true, setWindowRect=true, unexpectedAlertBehaviour=}]
Session ID: 95a3a18f47faf2e3d6986c7a68d1def7
	at net.serenitybdd.core.exceptions.SerenityManagedException.detachedCopyOf(SerenityManagedException.java:20)
	at net.thucydides.core.steps.StepInterceptor.runTestStep(StepInterceptor.java:364)
	at net.thucydides.core.steps.StepInterceptor.testStepResult(StepInterceptor.java:132)
	at net.thucydides.core.steps.StepInterceptor.intercept(StepInterceptor.java:61)
	at Georgia_CWJobs.steps.candidate.ApplicationSteps$$EnhancerByCGLIB$$8a838468.applyAndRegister(&lt;generated&gt;)
	at Georgia_CWJobs.definitions.ActionDefinitions.searchJob(ActionDefinitions.java:22)
	(reflection-invoke)
	at org.jbehave.core.steps.StepCreator$ParametrisedStep.perform(StepCreator.java:733)
	at org.jbehave.core.embedder.PerformableTree$FineSoFar.run(PerformableTree.java:346)
...</pre>
</div>
</div>

</body>
<!--  SyntaxHighlighter resources:  should be included at end of body -->
<link rel="stylesheet" type="text/css" href="./style/sh-3.0.83/shCore.css"/>
<link rel="stylesheet" type="text/css" href="./style/sh-3.0.83/shThemeRDark.css"/>
<script language="javascript" src="./js/sh-3.0.83/shCore.js"></script>
<script language="javascript" src="./js/sh-3.0.83/shBrushBash.js"></script>
<script language="javascript" src="./js/sh-3.0.83/shBrushCss.js"></script>
<script language="javascript" src="./js/sh-3.0.83/shBrushDiff.js"></script>
<script language="javascript" src="./js/sh-3.0.83/shBrushGroovy.js"></script>
<script language="javascript" src="./js/sh-3.0.83/shBrushJava.js"></script>
<script language="javascript" src="./js/sh-3.0.83/shBrushJScript.js"></script>
<script language="javascript" src="./js/sh-3.0.83/shBrushPlain.js"></script>
<script language="javascript" src="./js/sh-3.0.83/shBrushPython.js"></script>
<script language="javascript" src="./js/sh-3.0.83/shBrushRuby.js"></script>
<script language="javascript" src="./js/sh-3.0.83/shBrushScala.js"></script>
<script language="javascript" src="./js/sh-3.0.83/shBrushXml.js"></script>
<script language="javascript" src="./js/shBrushBdd.js"></script>
<script type="text/javascript">
    SyntaxHighlighter.defaults['gutter'] = false;
    SyntaxHighlighter.defaults['toolbar'] = false;    
    SyntaxHighlighter.all();
</script>
</html>
